[2022-12-11 22:40:37,043] pyhamilton.interface INFO starting a Hamilton interface
[2022-12-11 22:40:37,043] pyhamilton.interface INFO started the oem application for simulation
[2022-12-11 22:40:37,043] pyhamilton.interface INFO started the server thread
[2022-12-11 22:40:52,157] pyhamilton.interface INFO sending end run command to simulator
[2022-12-11 22:40:53,673] pyhamilton.interface ERROR HamiltonTimeoutError('Timed out after 1.5 sec while waiting for response id 0x0')
[2022-12-11 22:40:53,673] pyhamilton.interface INFO disconnected from server
[2022-12-11 22:40:53,782] pyhamilton.interface INFO server did not exit yet, sending dummy request to exit its loop
[2022-12-11 22:40:53,787] pyhamilton.interface INFO dummy get request sent to server
[2022-12-11 22:40:53,790] pyhamilton.interface INFO server thread exited
[2022-12-11 22:41:31,919] pyhamilton.interface INFO starting a Hamilton interface
[2022-12-11 22:41:31,919] pyhamilton.interface INFO started the oem application for simulation
[2022-12-11 22:41:31,920] pyhamilton.interface INFO started the server thread
[2022-12-11 22:41:42,011] pyhamilton.interface INFO sending end run command to simulator
[2022-12-11 22:41:43,513] pyhamilton.interface ERROR HamiltonTimeoutError('Timed out after 1.5 sec while waiting for response id 0x0')
[2022-12-11 22:41:43,513] pyhamilton.interface INFO disconnected from server
[2022-12-11 22:41:43,623] pyhamilton.interface INFO server did not exit yet, sending dummy request to exit its loop
[2022-12-11 22:41:43,631] pyhamilton.interface INFO dummy get request sent to server
[2022-12-11 22:41:43,631] pyhamilton.interface INFO server thread exited
[2022-12-11 22:45:56,691] pyhamilton.interface INFO starting a Hamilton interface
[2022-12-11 22:45:56,691] pyhamilton.interface INFO started the oem application for simulation
[2022-12-11 22:45:56,691] pyhamilton.interface INFO started the server thread
[2022-12-11 22:46:07,800] pyhamilton.interface INFO sending end run command to simulator
[2022-12-11 22:46:09,315] pyhamilton.interface ERROR HamiltonTimeoutError('Timed out after 1.5 sec while waiting for response id 0x0')
[2022-12-11 22:46:09,315] pyhamilton.interface INFO disconnected from server
[2022-12-11 22:46:09,424] pyhamilton.interface INFO server did not exit yet, sending dummy request to exit its loop
[2022-12-11 22:46:09,430] pyhamilton.interface INFO dummy get request sent to server
[2022-12-11 22:46:09,430] pyhamilton.interface INFO server thread exited
[2022-12-11 22:46:52,535] pyhamilton.interface INFO starting a Hamilton interface
[2022-12-11 22:46:52,535] pyhamilton.interface INFO started the oem application for simulation
[2022-12-11 22:46:52,535] pyhamilton.interface INFO started the server thread
[2022-12-11 22:47:55,098] pyhamilton.interface INFO sending end run command to simulator
[2022-12-11 22:47:56,609] pyhamilton.interface ERROR HamiltonTimeoutError('Timed out after 1.5 sec while waiting for response id 0x0')
[2022-12-11 22:47:56,609] pyhamilton.interface INFO disconnected from server
[2022-12-11 22:47:56,718] pyhamilton.interface INFO server did not exit yet, sending dummy request to exit its loop
[2022-12-11 22:47:56,726] pyhamilton.interface INFO dummy get request sent to server
[2022-12-11 22:47:56,726] pyhamilton.interface INFO server thread exited
[2022-12-11 22:48:57,171] pyhamilton.interface INFO starting a Hamilton interface
[2022-12-11 22:48:57,171] pyhamilton.interface INFO started the oem application for simulation
[2022-12-11 22:48:57,171] pyhamilton.interface INFO started the server thread
[2022-12-11 22:49:11,309] pyhamilton.interface INFO sending end run command to simulator
[2022-12-11 22:49:12,817] pyhamilton.interface ERROR HamiltonTimeoutError('Timed out after 1.5 sec while waiting for response id 0x0')
[2022-12-11 22:49:12,817] pyhamilton.interface INFO disconnected from server
[2022-12-11 22:49:12,925] pyhamilton.interface INFO server did not exit yet, sending dummy request to exit its loop
[2022-12-11 22:49:12,932] pyhamilton.interface INFO dummy get request sent to server
[2022-12-11 22:49:12,932] pyhamilton.interface INFO server thread exited
[2022-12-11 22:49:31,436] pyhamilton.interface INFO starting a Hamilton interface
[2022-12-11 22:49:31,437] pyhamilton.interface INFO started the oem application for simulation
[2022-12-11 22:49:31,437] pyhamilton.interface INFO started the server thread
[2022-12-11 22:49:43,522] pyhamilton.interface INFO sending end run command to simulator
[2022-12-11 22:49:45,030] pyhamilton.interface ERROR HamiltonTimeoutError('Timed out after 1.5 sec while waiting for response id 0x0')
[2022-12-11 22:49:45,031] pyhamilton.interface INFO disconnected from server
[2022-12-11 22:49:45,138] pyhamilton.interface INFO server did not exit yet, sending dummy request to exit its loop
[2022-12-11 22:49:45,142] pyhamilton.interface INFO dummy get request sent to server
[2022-12-11 22:49:45,142] pyhamilton.interface INFO server thread exited
[2022-12-11 22:50:00,771] pyhamilton.interface INFO starting a Hamilton interface
[2022-12-11 22:50:00,771] pyhamilton.interface INFO started the oem application for simulation
[2022-12-11 22:50:00,771] pyhamilton.interface INFO started the server thread
[2022-12-11 22:50:18,964] pyhamilton.interface INFO sending end run command to simulator
[2022-12-11 22:50:20,477] pyhamilton.interface ERROR HamiltonTimeoutError('Timed out after 1.5 sec while waiting for response id 0x0')
[2022-12-11 22:50:20,477] pyhamilton.interface INFO disconnected from server
[2022-12-11 22:50:20,587] pyhamilton.interface INFO server did not exit yet, sending dummy request to exit its loop
[2022-12-11 22:50:20,598] pyhamilton.interface INFO dummy get request sent to server
[2022-12-11 22:50:20,598] pyhamilton.interface INFO server thread exited
[2022-12-11 22:52:01,567] pyhamilton.interface INFO starting a Hamilton interface
[2022-12-11 22:52:01,567] pyhamilton.interface INFO started the oem application for simulation
[2022-12-11 22:52:01,567] pyhamilton.interface INFO started the server thread
[2022-12-11 22:52:15,691] pyhamilton.interface INFO sending end run command to simulator
[2022-12-11 22:52:17,201] pyhamilton.interface ERROR HamiltonTimeoutError('Timed out after 1.5 sec while waiting for response id 0x0')
[2022-12-11 22:52:17,201] pyhamilton.interface INFO disconnected from server
[2022-12-11 22:52:17,311] pyhamilton.interface INFO server did not exit yet, sending dummy request to exit its loop
[2022-12-11 22:52:17,316] pyhamilton.interface INFO dummy get request sent to server
[2022-12-11 22:52:17,316] pyhamilton.interface INFO server thread exited
[2022-12-11 22:53:41,861] pyhamilton.interface INFO starting a Hamilton interface
[2022-12-11 22:53:41,861] pyhamilton.interface INFO started the oem application for simulation
[2022-12-11 22:53:41,861] pyhamilton.interface INFO started the server thread
[2022-12-11 22:53:55,988] pyhamilton.interface INFO sending end run command to simulator
[2022-12-11 22:53:57,495] pyhamilton.interface ERROR HamiltonTimeoutError('Timed out after 1.5 sec while waiting for response id 0x0')
[2022-12-11 22:53:57,495] pyhamilton.interface INFO disconnected from server
[2022-12-11 22:53:57,601] pyhamilton.interface INFO server did not exit yet, sending dummy request to exit its loop
[2022-12-11 22:53:57,610] pyhamilton.interface INFO dummy get request sent to server
[2022-12-11 22:53:57,610] pyhamilton.interface INFO server thread exited
[2022-12-11 22:54:30,941] pyhamilton.interface INFO starting a Hamilton interface
[2022-12-11 22:54:30,941] pyhamilton.interface INFO started the oem application for simulation
[2022-12-11 22:54:30,942] pyhamilton.interface INFO started the server thread
[2022-12-11 22:54:46,094] pyhamilton.interface INFO sending end run command to simulator
[2022-12-11 22:54:47,598] pyhamilton.interface ERROR HamiltonTimeoutError('Timed out after 1.5 sec while waiting for response id 0x0')
[2022-12-11 22:54:47,598] pyhamilton.interface INFO disconnected from server
[2022-12-11 22:54:47,706] pyhamilton.interface INFO server did not exit yet, sending dummy request to exit its loop
[2022-12-11 22:54:47,710] pyhamilton.interface INFO dummy get request sent to server
[2022-12-11 22:54:47,710] pyhamilton.interface INFO server thread exited
[2022-12-11 22:55:26,924] pyhamilton.interface INFO starting a Hamilton interface
[2022-12-11 22:55:26,924] pyhamilton.interface INFO started the oem application for simulation
[2022-12-11 22:55:26,924] pyhamilton.interface INFO started the server thread
[2022-12-11 22:56:07,794] pyhamilton.interface INFO sending end run command to simulator
[2022-12-11 22:56:07,968] pyhamilton.interface INFO disconnected from server
[2022-12-11 22:56:08,069] pyhamilton.interface INFO server did not exit yet, sending dummy request to exit its loop
[2022-12-11 22:56:08,078] pyhamilton.interface INFO dummy get request sent to server
[2022-12-11 22:56:08,078] pyhamilton.interface INFO server thread exited
[2022-12-11 22:56:09,386] pyhamilton.interface INFO starting a Hamilton interface
[2022-12-11 22:56:09,386] pyhamilton.interface INFO started the oem application for simulation
[2022-12-11 22:56:09,386] pyhamilton.interface INFO started the server thread
[2022-12-11 23:00:04,759] pyhamilton.interface INFO sending end run command to simulator
[2022-12-11 23:00:06,267] pyhamilton.interface ERROR HamiltonTimeoutError('Timed out after 1.5 sec while waiting for response id 0x0')
[2022-12-11 23:00:06,267] pyhamilton.interface INFO disconnected from server
[2022-12-11 23:00:06,377] pyhamilton.interface INFO server did not exit yet, sending dummy request to exit its loop
[2022-12-11 23:00:06,382] pyhamilton.interface INFO dummy get request sent to server
[2022-12-11 23:00:06,382] pyhamilton.interface INFO server thread exited
[2022-12-11 23:03:14,042] pyhamilton.interface INFO starting a Hamilton interface
[2022-12-11 23:03:14,042] pyhamilton.interface INFO started the oem application for simulation
[2022-12-11 23:03:14,042] pyhamilton.interface INFO started the server thread
[2022-12-11 23:08:14,052] pyhamilton.interface ERROR HamiltonTimeoutError('Timed out after 300 sec while waiting for response id 0xd7a0959aac8')
[2022-12-11 23:08:14,052] pyhamilton.interface INFO sending end run command to simulator
[2022-12-11 23:08:15,563] pyhamilton.interface ERROR HamiltonTimeoutError('Timed out after 1.5 sec while waiting for response id 0x0')
[2022-12-11 23:08:15,563] pyhamilton.interface INFO disconnected from server
[2022-12-11 23:08:15,668] pyhamilton.interface INFO server did not exit yet, sending dummy request to exit its loop
[2022-12-11 23:08:15,678] pyhamilton.interface INFO dummy get request sent to server
[2022-12-11 23:08:15,678] pyhamilton.interface INFO server thread exited
[2022-12-27 12:54:08,841] pyhamilton.interface INFO starting a Hamilton interface
[2022-12-27 12:54:08,843] pyhamilton.interface INFO started the oem application for simulation
[2022-12-27 12:54:08,843] pyhamilton.interface INFO started the server thread
[2022-12-27 12:54:24,014] pyhamilton.interface INFO sending end run command to simulator
[2022-12-27 12:54:25,522] pyhamilton.interface ERROR HamiltonTimeoutError('Timed out after 1.5 sec while waiting for response id 0x0')
[2022-12-27 12:54:25,522] pyhamilton.interface INFO disconnected from server
[2022-12-27 12:54:25,632] pyhamilton.interface INFO server did not exit yet, sending dummy request to exit its loop
[2022-12-27 12:54:25,645] pyhamilton.interface INFO dummy get request sent to server
[2022-12-27 12:54:25,645] pyhamilton.interface INFO server thread exited
[2022-12-27 12:55:25,557] pyhamilton.interface INFO starting a Hamilton interface
[2022-12-27 12:55:25,557] pyhamilton.interface INFO started the oem application for simulation
[2022-12-27 12:55:25,557] pyhamilton.interface INFO started the server thread
[2022-12-27 12:55:42,712] pyhamilton.interface INFO sending end run command to simulator
[2022-12-27 12:55:44,218] pyhamilton.interface ERROR HamiltonTimeoutError('Timed out after 1.5 sec while waiting for response id 0x0')
[2022-12-27 12:55:44,218] pyhamilton.interface INFO disconnected from server
[2022-12-27 12:55:44,328] pyhamilton.interface INFO server did not exit yet, sending dummy request to exit its loop
[2022-12-27 12:55:44,332] pyhamilton.interface INFO dummy get request sent to server
[2022-12-27 12:55:44,333] pyhamilton.interface INFO server thread exited
[2022-12-27 12:57:01,244] pyhamilton.interface INFO starting a Hamilton interface
[2022-12-27 12:57:01,244] pyhamilton.interface INFO started the oem application for simulation
[2022-12-27 12:57:01,244] pyhamilton.interface INFO started the server thread
[2022-12-27 12:57:10,307] pyhamilton.interface INFO sending end run command to simulator
[2022-12-27 12:57:11,821] pyhamilton.interface ERROR HamiltonTimeoutError('Timed out after 1.5 sec while waiting for response id 0x0')
[2022-12-27 12:57:11,821] pyhamilton.interface INFO disconnected from server
[2022-12-27 12:57:11,930] pyhamilton.interface INFO server did not exit yet, sending dummy request to exit its loop
[2022-12-27 12:57:11,934] pyhamilton.interface INFO dummy get request sent to server
[2022-12-27 12:57:11,934] pyhamilton.interface INFO server thread exited
[2022-12-27 12:57:54,666] pyhamilton.interface INFO starting a Hamilton interface
[2022-12-27 12:57:54,666] pyhamilton.interface INFO started the oem application for simulation
[2022-12-27 12:57:54,666] pyhamilton.interface INFO started the server thread
[2022-12-27 12:58:03,747] pyhamilton.interface INFO sending end run command to simulator
[2022-12-27 12:58:05,254] pyhamilton.interface ERROR HamiltonTimeoutError('Timed out after 1.5 sec while waiting for response id 0x0')
[2022-12-27 12:58:05,254] pyhamilton.interface INFO disconnected from server
[2022-12-27 12:58:05,362] pyhamilton.interface INFO server did not exit yet, sending dummy request to exit its loop
[2022-12-27 12:58:05,366] pyhamilton.interface INFO dummy get request sent to server
[2022-12-27 12:58:05,366] pyhamilton.interface INFO server thread exited
[2022-12-27 18:16:52,941] pyhamilton.interface INFO starting a Hamilton interface
[2022-12-27 18:16:52,941] pyhamilton.interface INFO started the oem application for simulation
[2022-12-27 18:16:52,941] pyhamilton.interface INFO started the server thread
[2022-12-27 18:17:05,044] pyhamilton.interface INFO sending end run command to simulator
[2022-12-27 18:17:06,557] pyhamilton.interface ERROR HamiltonTimeoutError('Timed out after 1.5 sec while waiting for response id 0x0')
[2022-12-27 18:17:06,557] pyhamilton.interface INFO disconnected from server
[2022-12-27 18:17:06,675] pyhamilton.interface INFO server did not exit yet, sending dummy request to exit its loop
[2022-12-27 18:17:06,681] pyhamilton.interface INFO dummy get request sent to server
[2022-12-27 18:17:06,681] pyhamilton.interface INFO server thread exited
[2022-12-27 18:17:45,583] pyhamilton.interface INFO starting a Hamilton interface
[2022-12-27 18:17:45,583] pyhamilton.interface INFO started the oem application for simulation
[2022-12-27 18:17:45,583] pyhamilton.interface INFO started the server thread
[2022-12-27 18:18:39,018] pyhamilton.interface INFO sending end run command to simulator
[2022-12-27 18:18:40,527] pyhamilton.interface ERROR HamiltonTimeoutError('Timed out after 1.5 sec while waiting for response id 0x0')
[2022-12-27 18:18:40,527] pyhamilton.interface INFO disconnected from server
[2022-12-27 18:18:40,628] pyhamilton.interface INFO server did not exit yet, sending dummy request to exit its loop
[2022-12-27 18:18:40,631] pyhamilton.interface INFO dummy get request sent to server
[2022-12-27 18:18:40,631] pyhamilton.interface INFO server thread exited
[2022-12-27 18:30:48,867] pyhamilton.interface INFO starting a Hamilton interface
[2022-12-27 18:30:48,867] pyhamilton.interface INFO started the oem application for simulation
[2022-12-27 18:30:48,867] pyhamilton.interface INFO started the server thread
[2022-12-27 18:33:17,345] pyhamilton.interface INFO sending end run command to simulator
[2022-12-27 18:33:18,860] pyhamilton.interface ERROR HamiltonTimeoutError('Timed out after 1.5 sec while waiting for response id 0x0')
[2022-12-27 18:33:18,860] pyhamilton.interface INFO disconnected from server
[2022-12-27 18:33:18,963] pyhamilton.interface INFO server did not exit yet, sending dummy request to exit its loop
[2022-12-27 18:33:18,966] pyhamilton.interface INFO dummy get request sent to server
[2022-12-27 18:33:18,966] pyhamilton.interface INFO server thread exited
[2022-12-27 18:50:24,823] pyhamilton.interface INFO starting a Hamilton interface
[2022-12-27 18:50:24,823] pyhamilton.interface INFO started the oem application for simulation
[2022-12-27 18:50:24,823] pyhamilton.interface INFO started the server thread
[2022-12-27 18:51:48,492] pyhamilton.interface INFO sending end run command to simulator
[2022-12-27 18:51:50,001] pyhamilton.interface ERROR HamiltonTimeoutError('Timed out after 1.5 sec while waiting for response id 0x0')
[2022-12-27 18:51:50,001] pyhamilton.interface INFO disconnected from server
[2022-12-27 18:51:50,112] pyhamilton.interface INFO server did not exit yet, sending dummy request to exit its loop
[2022-12-27 18:51:50,119] pyhamilton.interface INFO dummy get request sent to server
[2022-12-27 18:51:50,119] pyhamilton.interface INFO server thread exited
[2022-12-27 18:53:35,596] pyhamilton.interface INFO starting a Hamilton interface
[2022-12-27 18:53:35,597] pyhamilton.interface INFO started the oem application for simulation
[2022-12-27 18:53:35,597] pyhamilton.interface INFO started the server thread
[2022-12-27 18:55:04,371] pyhamilton.interface INFO sending end run command to simulator
[2022-12-27 18:55:05,886] pyhamilton.interface ERROR HamiltonTimeoutError('Timed out after 1.5 sec while waiting for response id 0x0')
[2022-12-27 18:55:05,886] pyhamilton.interface INFO disconnected from server
[2022-12-27 18:55:05,990] pyhamilton.interface INFO server did not exit yet, sending dummy request to exit its loop
[2022-12-27 18:55:05,995] pyhamilton.interface INFO dummy get request sent to server
[2022-12-27 18:55:05,995] pyhamilton.interface INFO server thread exited
[2022-12-27 18:56:39,760] pyhamilton.interface INFO starting a Hamilton interface
[2022-12-27 18:56:39,760] pyhamilton.interface INFO started the oem application for simulation
[2022-12-27 18:56:39,761] pyhamilton.interface INFO started the server thread
[2022-12-27 18:57:45,351] pyhamilton.interface INFO sending end run command to simulator
[2022-12-27 18:57:46,861] pyhamilton.interface ERROR HamiltonTimeoutError('Timed out after 1.5 sec while waiting for response id 0x0')
[2022-12-27 18:57:46,861] pyhamilton.interface INFO disconnected from server
[2022-12-27 18:57:46,972] pyhamilton.interface INFO server did not exit yet, sending dummy request to exit its loop
[2022-12-27 18:57:46,973] pyhamilton.interface INFO dummy get request sent to server
[2022-12-27 18:57:46,978] pyhamilton.interface INFO server thread exited
[2022-12-27 18:59:11,696] pyhamilton.interface INFO starting a Hamilton interface
[2022-12-27 18:59:11,696] pyhamilton.interface INFO started the oem application for simulation
[2022-12-27 18:59:11,696] pyhamilton.interface INFO started the server thread
[2022-12-27 19:00:59,836] pyhamilton.interface INFO sending end run command to simulator
[2022-12-27 19:01:01,350] pyhamilton.interface ERROR HamiltonTimeoutError('Timed out after 1.5 sec while waiting for response id 0x0')
[2022-12-27 19:01:01,351] pyhamilton.interface INFO disconnected from server
[2022-12-27 19:01:01,454] pyhamilton.interface INFO server did not exit yet, sending dummy request to exit its loop
[2022-12-27 19:01:01,460] pyhamilton.interface INFO dummy get request sent to server
[2022-12-27 19:01:01,460] pyhamilton.interface INFO server thread exited
[2022-12-27 19:02:53,023] pyhamilton.interface INFO starting a Hamilton interface
[2022-12-27 19:02:53,025] pyhamilton.interface INFO started the oem application for simulation
[2022-12-27 19:02:53,025] pyhamilton.interface INFO started the server thread
[2022-12-27 19:09:56,830] pyhamilton.interface INFO sending end run command to simulator
[2022-12-27 19:09:58,339] pyhamilton.interface ERROR HamiltonTimeoutError('Timed out after 1.5 sec while waiting for response id 0x0')
[2022-12-27 19:09:58,339] pyhamilton.interface INFO disconnected from server
[2022-12-27 19:09:58,441] pyhamilton.interface INFO server did not exit yet, sending dummy request to exit its loop
[2022-12-27 19:09:58,447] pyhamilton.interface INFO dummy get request sent to server
[2022-12-27 19:09:58,447] pyhamilton.interface INFO server thread exited
[2022-12-27 19:40:15,458] pyhamilton.interface INFO starting a Hamilton interface
[2022-12-27 19:40:15,458] pyhamilton.interface INFO started the oem application for simulation
[2022-12-27 19:40:15,458] pyhamilton.interface INFO started the server thread
[2022-12-27 19:46:37,494] pyhamilton.interface INFO sending end run command to simulator
[2022-12-27 19:46:39,001] pyhamilton.interface ERROR HamiltonTimeoutError('Timed out after 1.5 sec while waiting for response id 0x0')
[2022-12-27 19:46:39,001] pyhamilton.interface INFO disconnected from server
[2022-12-27 19:46:39,107] pyhamilton.interface INFO server did not exit yet, sending dummy request to exit its loop
[2022-12-27 19:46:39,116] pyhamilton.interface INFO dummy get request sent to server
[2022-12-27 19:46:39,117] pyhamilton.interface INFO server thread exited
